0 info it worked if it ends with ok
1 verbose cli [ '/usr/local/bin/node',
1 verbose cli   '/usr/local/bin/npm',
1 verbose cli   'install',
1 verbose cli   '-g',
1 verbose cli   'myswl' ]
2 info using npm@1.4.28
3 info using node@v0.10.32
4 verbose cache add [ 'myswl', null ]
5 verbose cache add name=undefined spec="myswl" args=["myswl",null]
6 verbose parsed url { protocol: null,
6 verbose parsed url   slashes: null,
6 verbose parsed url   auth: null,
6 verbose parsed url   host: null,
6 verbose parsed url   port: null,
6 verbose parsed url   hostname: null,
6 verbose parsed url   hash: null,
6 verbose parsed url   search: null,
6 verbose parsed url   query: null,
6 verbose parsed url   pathname: 'myswl',
6 verbose parsed url   path: 'myswl',
6 verbose parsed url   href: 'myswl' }
7 silly lockFile 37d226fa-myswl myswl
8 verbose lock myswl /root/.npm/37d226fa-myswl.lock
9 silly lockFile 37d226fa-myswl myswl
10 silly lockFile 37d226fa-myswl myswl
11 verbose addNamed [ 'myswl', '' ]
12 verbose addNamed [ null, '*' ]
13 silly lockFile 6da7e7ce-myswl myswl@
14 verbose lock myswl@ /root/.npm/6da7e7ce-myswl.lock
15 silly addNameRange { name: 'myswl', range: '*', hasData: false }
16 verbose request where is /myswl
17 verbose request registry https://registry.npmjs.org/
18 verbose request id b102e7f731ff0db1
19 verbose url raw /myswl
20 verbose url resolving [ 'https://registry.npmjs.org/', './myswl' ]
21 verbose url resolved https://registry.npmjs.org/myswl
22 verbose request where is https://registry.npmjs.org/myswl
23 info trying registry request attempt 1 at 18:39:06
24 http GET https://registry.npmjs.org/myswl
25 http 404 https://registry.npmjs.org/myswl
26 silly registry.get cb [ 404,
26 silly registry.get   { 'content-type': 'application/json',
26 silly registry.get     'cache-control': 'max-age=0',
26 silly registry.get     'content-length': '2',
26 silly registry.get     'accept-ranges': 'bytes',
26 silly registry.get     date: 'Fri, 28 Aug 2015 18:39:06 GMT',
26 silly registry.get     via: '1.1 varnish',
26 silly registry.get     age: '0',
26 silly registry.get     connection: 'keep-alive',
26 silly registry.get     'x-served-by': 'cache-sjc3129-SJC',
26 silly registry.get     'x-cache': 'MISS',
26 silly registry.get     'x-cache-hits': '0',
26 silly registry.get     'x-timer': 'S1440787146.697535,VS0,VE39' } ]
27 silly lockFile 6da7e7ce-myswl myswl@
28 silly lockFile 6da7e7ce-myswl myswl@
29 error 404 Not Found
29 error 404
29 error 404 'myswl' is not in the npm registry.
29 error 404 You should bug the author to publish it
29 error 404
29 error 404 Note that you can also install from a
29 error 404 tarball, folder, or http url, or git url.
30 error System Linux 3.14.48-33.39.amzn1.x86_64
31 error command "/usr/local/bin/node" "/usr/local/bin/npm" "install" "-g" "myswl"
32 error cwd /var/www/ToDo/ToDo
33 error node -v v0.10.32
34 error npm -v 1.4.28
35 error code E404
36 verbose exit [ 1, true ]
